<?xml version="1.0" encoding="UTF-8"?>
<!-- Generated by org.testng.reporters.JUnitReportReporter -->
<testsuite hostname="nb-taka" failures="0" tests="1" name="pages.Homepage" time="0.002" errors="0" timestamp="2021-09-07T13:14:41 PKT" skipped="0">
  <testcase classname="pages.Homepage" name="f" time="0.002"/>
  <system-out/>
</testsuite> <!-- pages.Homepage -->
