<?xml version="1.0" encoding="UTF-8"?>
<!-- Generated by org.testng.reporters.JUnitReportReporter -->
<testsuite hostname="nb-taka" failures="0" tests="7" name="pages.Base" time="15.094" errors="0" timestamp="2021-09-07T13:14:41 PKT" skipped="0">
  <testcase classname="pages.Base" name="Setup" time="7.633"/>
  <system-out/>
  <testcase classname="pages.Base" name="pageload" time="0.002"/>
  <system-out/>
  <testcase classname="pages.Base" name="webdriver" time="1.557"/>
  <system-out/>
  <testcase classname="pages.Base" name="driverquit" time="0.701"/>
  <system-out/>
  <testcase classname="pages.Base" name="nevigations" time="5.197"/>
  <system-out/>
  <testcase classname="pages.Base" name="longsleep" time="0.003"/>
  <system-out/>
  <testcase classname="pages.Base" name="shortsleep" time="0.001"/>
  <system-out/>
</testsuite> <!-- pages.Base -->
