<?xml version="1.0" encoding="UTF-8"?>
<!-- Generated by org.testng.reporters.JUnitReportReporter -->
<testsuite hostname="nb-taka" failures="0" tests="1" name="NewTest" time="0.008" errors="0" timestamp="2021-08-23T12:44:17 PKT" skipped="0">
  <testcase classname="NewTest" name="f" time="0.008"/>
  <system-out/>
</testsuite> <!-- NewTest -->
