<?xml version="1.0" encoding="UTF-8"?>
<!-- Generated by org.testng.reporters.JUnitReportReporter -->
<testsuite hostname="nb-taka" failures="0" tests="1" name="Signup" time="0.001" errors="0" timestamp="2021-08-23T12:44:17 PKT" skipped="0">
  <testcase classname="Signup" name="f" time="0.001"/>
  <system-out/>
</testsuite> <!-- Signup -->
