<?xml version="1.0" encoding="UTF-8"?>
<!-- Generated by org.testng.reporters.JUnitReportReporter -->
<testsuite hostname="nb-taka" failures="0" tests="1" name="pages.Signup" time="0.000" errors="0" timestamp="2021-09-06T16:31:04 PKT" skipped="0">
  <testcase classname="pages.Signup" name="f" time="0.000"/>
  <system-out/>
</testsuite> <!-- pages.Signup -->
