<?xml version="1.0" encoding="UTF-8"?>
<!-- Generated by org.testng.reporters.JUnitReportReporter -->
<testsuite hostname="nb-taka" failures="0" tests="7" name="tests.Signintests" time="0.012" errors="0" timestamp="2021-09-07T13:14:41 PKT" skipped="0">
  <testcase classname="tests.Signintests" name="Signinwithinvalidpassword" time="0.001"/>
  <system-out/>
  <testcase classname="tests.Signintests" name="Signinwithinvalidusername" time="0.001"/>
  <system-out/>
  <testcase classname="tests.Signintests" name="Signinwithinvalidemailforgotpassword" time="0.002"/>
  <system-out/>
  <testcase classname="tests.Signintests" name="Signinwithvalidcreds" time="0.002"/>
  <system-out/>
  <testcase classname="tests.Signintests" name="Signinwithvalidemailforgotpassword" time="0.002"/>
  <system-out/>
  <testcase classname="tests.Signintests" name="Signinwithemptycreds" time="0.002"/>
  <system-out/>
  <testcase classname="tests.Signintests" name="Signinwithinvalidusenameandpassword" time="0.002"/>
  <system-out/>
</testsuite> <!-- tests.Signintests -->
